
Chromatic CLI v9.0.0
https://www.chromatic.com/docs/cli

Authenticating with Chromatic
    → Connecting to https://index.chromatic.com
Authenticated with Chromatic
    → Using project token '****************0ca0'
Retrieving git information
Retrieved git information
    → Commit '6c867e3' on branch 'FE_BC131-12-Storybook-deployment'; found 1 parent build
Collecting Storybook metadata
Collected Storybook metadata
    → Storybook 7.5.1 for React; using the @storybook/react-webpack5 builder (7.5.1); supported addons found: Links, Essentials, Interactions
Initializing build
Initialized build
    → Build 2 initialized
Building your Storybook
    → Running command: npm run build-storybook -- --output-dir /tmp/chromatic--164301-LTQuheeRPthr
Storybook built in 1 minute 8 seconds
    → View build log at /home/divg/Desktop/bootcamp-131-checkr/frontend/build-storybook.log
Publish your built Storybook
    → Validating Storybook files
Publishing your built Storybook
    → Retrieving target location
    → Starting publish
    → [                    ] 0%
    → [=                   ] 3%
    → [=                   ] 5%
    → [=                   ] 6%
    → [==                  ] 8%
    → [==                  ] 10%
    → [==                  ] 12%
    → [===                 ] 14%
    → [===                 ] 15%
    → [====                ] 18%
    → [====                ] 20%
    → [====                ] 21%
    → [====                ] 22%
    → [=====               ] 23%
    → [=====               ] 24%
    → [=====               ] 26%
    → [=====               ] 27%
    → [======              ] 28%
    → [======              ] 30%
    → [=======             ] 34%
    → [=======             ] 36%
    → [========            ] 39%
    → [========            ] 40%
    → [=========           ] 44%
    → [=========           ] 45%
    → [=========           ] 46%
    → [=========           ] 47%
    → [==========          ] 48%
    → [==========          ] 49%
    → [==========          ] 50%
    → [==========          ] 51%
    → [==========          ] 52%
    → [===========         ] 53%
    → [===========         ] 54%
    → [===========         ] 55%
    → [===========         ] 56%
    → [===========         ] 57%
    → [============        ] 58%
    → [============        ] 59%
    → [============        ] 60%
    → [============        ] 61%
    → [============        ] 62%
    → [=============       ] 63%
    → [=============       ] 65%
    → [==============      ] 68%
    → [==============      ] 69%
    → [==============      ] 70%
    → [==============      ] 71%
    → [==============      ] 72%
    → [===============     ] 74%
    → [===============     ] 75%
    → [===============     ] 76%
    → [===============     ] 77%
    → [================    ] 79%
    → [================    ] 80%
    → [=================   ] 84%
    → [==================  ] 91%
    → [==================  ] 92%
    → [=================== ] 93%
    → [=================== ] 94%
    → [=================== ] 95%
    → [=================== ] 96%
    → [=================== ] 97%
    → [====================] 98%
    → [====================] 99%
    → [====================] 100%
Publish complete in 39 seconds
    → View your Storybook at https://6555b37bbd6f406630d4b8ff-qdvetvdsvh.chromatic.com
Verifying your Storybook
    → This may take a few minutes
⚠ Snapshot quota reached
This build is limited because your account is out of snapshots for the month.
Visit https://www.chromatic.com/billing?accountId=63f47661a0cb04d58a8e3218 to upgrade your plan.
